2018-01-02T01:23:55-06:00 ERR: HORDE [imp] Error running command: /usr/local/cpanel/3rdparty/bin/convert -size 0x0 xc:white -strip png:"/home/usstoki/tmp/img5OMpyg" 2>&1
sh: /usr/local/cpanel/3rdparty/bin/convert: No such file or directory [pid 295442 on line 591 of "/usr/local/cpanel/3rdparty/php/56/lib/php/Horde/Image/Im.php"]
2018-01-02T01:23:55-06:00 ERR: HORDE [imp] Error running command: /usr/local/cpanel/3rdparty/bin/convert -size 0x0 xc:white -strip png:"/home/usstoki/tmp/imgPjlGg1" 2>&1
sh: /usr/local/cpanel/3rdparty/bin/convert: No such file or directory [pid 295442 on line 591 of "/usr/local/cpanel/3rdparty/php/56/lib/php/Horde/Image/Im.php"]
2018-01-02T01:25:50-06:00 ERR: HORDE [imp] Error running command: /usr/local/cpanel/3rdparty/bin/convert -size 0x0 xc:white -strip png:"/home/usstoki/tmp/imgT6XG8m" 2>&1
sh: /usr/local/cpanel/3rdparty/bin/convert: No such file or directory [pid 297781 on line 591 of "/usr/local/cpanel/3rdparty/php/56/lib/php/Horde/Image/Im.php"]
2018-01-02T01:25:50-06:00 ERR: HORDE [imp] Error running command: /usr/local/cpanel/3rdparty/bin/convert -size 0x0 xc:white -strip png:"/home/usstoki/tmp/imgOzOIfP" 2>&1
sh: /usr/local/cpanel/3rdparty/bin/convert: No such file or directory [pid 297781 on line 591 of "/usr/local/cpanel/3rdparty/php/56/lib/php/Horde/Image/Im.php"]
2018-01-02T01:26:31-06:00 ERR: HORDE [imp] Error running command: /usr/local/cpanel/3rdparty/bin/convert -size 0x0 xc:white -strip png:"/home/usstoki/tmp/imgpqmM5m" 2>&1
sh: /usr/local/cpanel/3rdparty/bin/convert: No such file or directory [pid 298764 on line 591 of "/usr/local/cpanel/3rdparty/php/56/lib/php/Horde/Image/Im.php"]
2018-01-02T01:26:31-06:00 ERR: HORDE [imp] Error running command: /usr/local/cpanel/3rdparty/bin/convert -size 0x0 xc:white -strip png:"/home/usstoki/tmp/imgRlpKIb" 2>&1
sh: /usr/local/cpanel/3rdparty/bin/convert: No such file or directory [pid 298764 on line 591 of "/usr/local/cpanel/3rdparty/php/56/lib/php/Horde/Image/Im.php"]
2018-01-02T01:28:26-06:00 ERR: HORDE [imp] Error running command: /usr/local/cpanel/3rdparty/bin/convert -size 0x0 xc:white -strip png:"/home/usstoki/tmp/img1PAmda" 2>&1
sh: /usr/local/cpanel/3rdparty/bin/convert: No such file or directory [pid 300699 on line 591 of "/usr/local/cpanel/3rdparty/php/56/lib/php/Horde/Image/Im.php"]
2018-01-02T01:28:26-06:00 ERR: HORDE [imp] Error running command: /usr/local/cpanel/3rdparty/bin/convert -size 0x0 xc:white -strip png:"/home/usstoki/tmp/imgGyhxRF" 2>&1
sh: /usr/local/cpanel/3rdparty/bin/convert: No such file or directory [pid 300699 on line 591 of "/usr/local/cpanel/3rdparty/php/56/lib/php/Horde/Image/Im.php"]
2018-01-02T01:28:45-06:00 ERR: HORDE [imp] Error running command: /usr/local/cpanel/3rdparty/bin/convert -size 0x0 xc:white -strip png:"/home/usstoki/tmp/imgpck4TD" 2>&1
sh: /usr/local/cpanel/3rdparty/bin/convert: No such file or directory [pid 300699 on line 591 of "/usr/local/cpanel/3rdparty/php/56/lib/php/Horde/Image/Im.php"]
2018-01-02T01:28:45-06:00 ERR: HORDE [imp] Error running command: /usr/local/cpanel/3rdparty/bin/convert -size 0x0 xc:white -strip png:"/home/usstoki/tmp/imgC6qBYd" 2>&1
sh: /usr/local/cpanel/3rdparty/bin/convert: No such file or directory [pid 300699 on line 591 of "/usr/local/cpanel/3rdparty/php/56/lib/php/Horde/Image/Im.php"]
2018-01-02T01:29:29-06:00 ERR: HORDE [imp] Error running command: /usr/local/cpanel/3rdparty/bin/convert -size 0x0 xc:white -strip png:"/home/usstoki/tmp/imgmBzDrd" 2>&1
sh: /usr/local/cpanel/3rdparty/bin/convert: No such file or directory [pid 302525 on line 591 of "/usr/local/cpanel/3rdparty/php/56/lib/php/Horde/Image/Im.php"]
2018-01-02T01:29:29-06:00 ERR: HORDE [imp] Error running command: /usr/local/cpanel/3rdparty/bin/convert -size 0x0 xc:white -strip png:"/home/usstoki/tmp/imgLMy3Lo" 2>&1
sh: /usr/local/cpanel/3rdparty/bin/convert: No such file or directory [pid 302525 on line 591 of "/usr/local/cpanel/3rdparty/php/56/lib/php/Horde/Image/Im.php"]
2018-01-02T01:30:32-06:00 ERR: HORDE [imp] Error running command: /usr/local/cpanel/3rdparty/bin/convert -size 0x0 xc:white -strip png:"/home/usstoki/tmp/imgLp2M50" 2>&1
sh: /usr/local/cpanel/3rdparty/bin/convert: No such file or directory [pid 302525 on line 591 of "/usr/local/cpanel/3rdparty/php/56/lib/php/Horde/Image/Im.php"]
2018-01-02T01:30:32-06:00 ERR: HORDE [imp] Error running command: /usr/local/cpanel/3rdparty/bin/convert -size 0x0 xc:white -strip png:"/home/usstoki/tmp/imgS7W5cR" 2>&1
sh: /usr/local/cpanel/3rdparty/bin/convert: No such file or directory [pid 302525 on line 591 of "/usr/local/cpanel/3rdparty/php/56/lib/php/Horde/Image/Im.php"]
